Added Component: Designator=Analog 1(B3BXHAMLFSN)
Add component (AddParameter): Name = "Arrow Part Number"; Value = "B3B-XH-AM(LF)(SN)"; VariantName = "[No Variations]"
Add component (AddParameter): Name = "Arrow Price/Stock"; Value = "https://www.arrow.com/en/products/b3b-xh-a-m-lf-sn/jst-manufacturing?region=europe"; VariantName = "[No Variations]"
Add component (AddParameter): Name = "Datasheet Link"; Value = "http://www.jst-mfg.com/product/pdf/eng/eXH.pdf"; VariantName = "[No Variations]"
Add component (AddParameter): Name = "Height"; Value = "7mm"; VariantName = "[No Variations]"
Add component (AddParameter): Name = "Manufacturer_Name"; Value = "JST (JAPAN SOLDERLESS TERMINALS)"; VariantName = "[No Variations]"
Add component (AddParameter): Name = "Manufacturer_Part_Number"; Value = "B3B-XH-AM(LF)(SN)"; VariantName = "[No Variations]"
Add component (AddParameter): Name = "Mouser Part Number"; Value = ""; VariantName = "[No Variations]"
Add component (AddParameter): Name = "Mouser Price/Stock"; Value = ""; VariantName = "[No Variations]"
Added Component: Designator=Analog 2(B3BXHAMLFSN)
Add component (AddParameter): Name = "Arrow Part Number"; Value = "B3B-XH-AM(LF)(SN)"; VariantName = "[No Variations]"
Add component (AddParameter): Name = "Arrow Price/Stock"; Value = "https://www.arrow.com/en/products/b3b-xh-a-m-lf-sn/jst-manufacturing?region=europe"; VariantName = "[No Variations]"
Add component (AddParameter): Name = "Datasheet Link"; Value = "http://www.jst-mfg.com/product/pdf/eng/eXH.pdf"; VariantName = "[No Variations]"
Add component (AddParameter): Name = "Height"; Value = "7mm"; VariantName = "[No Variations]"
Add component (AddParameter): Name = "Manufacturer_Name"; Value = "JST (JAPAN SOLDERLESS TERMINALS)"; VariantName = "[No Variations]"
Add component (AddParameter): Name = "Manufacturer_Part_Number"; Value = "B3B-XH-AM(LF)(SN)"; VariantName = "[No Variations]"
Add component (AddParameter): Name = "Mouser Part Number"; Value = ""; VariantName = "[No Variations]"
Add component (AddParameter): Name = "Mouser Price/Stock"; Value = ""; VariantName = "[No Variations]"
Added Component: Designator=Encoder_Int1(Header ISP)
Added Component: Designator=Encoder_Int2(Header ISP)
Added Component: Designator=Fuse(C3131)
Add component (AddParameter): Name = "Arrow Part Number"; Value = ""; VariantName = "[No Variations]"
Add component (AddParameter): Name = "Arrow Price/Stock"; Value = ""; VariantName = "[No Variations]"
Add component (AddParameter): Name = "Datasheet Link"; Value = "https://datasheet.lcsc.com/szlcsc/XC-Elec-Shenzhen-5x20-BLX-Fuse-holder_C3131.pdf"; VariantName = "[No Variations]"
Add component (AddParameter): Name = "Height"; Value = "10.5mm"; VariantName = "[No Variations]"
Add component (AddParameter): Name = "Manufacturer_Name"; Value = "Xucheng Elec"; VariantName = "[No Variations]"
Add component (AddParameter): Name = "Manufacturer_Part_Number"; Value = "C3131"; VariantName = "[No Variations]"
Add component (AddParameter): Name = "Mouser Part Number"; Value = ""; VariantName = "[No Variations]"
Add component (AddParameter): Name = "Mouser Price/Stock"; Value = ""; VariantName = "[No Variations]"
Added Component: Designator=I2C(B4BXHALFSN)
Add component (AddParameter): Name = "Arrow Part Number"; Value = "B4B-XH-A(LF)(SN)"; VariantName = "[No Variations]"
Add component (AddParameter): Name = "Arrow Price/Stock"; Value = "https://www.arrow.com/en/products/b4b-xh-a-lf-sn/jst-manufacturing"; VariantName = "[No Variations]"
Add component (AddParameter): Name = "Datasheet Link"; Value = "https://datasheet.lcsc.com/szlcsc/JST-Sales-America-B4B-XH-A-LF-SN_C144395.pdf"; VariantName = "[No Variations]"
Add component (AddParameter): Name = "Height"; Value = "7mm"; VariantName = "[No Variations]"
Add component (AddParameter): Name = "Manufacturer_Name"; Value = "JST (JAPAN SOLDERLESS TERMINALS)"; VariantName = "[No Variations]"
Add component (AddParameter): Name = "Manufacturer_Part_Number"; Value = "B4B-XH-A(LF)(SN)"; VariantName = "[No Variations]"
Add component (AddParameter): Name = "Mouser Part Number"; Value = ""; VariantName = "[No Variations]"
Add component (AddParameter): Name = "Mouser Price/Stock"; Value = ""; VariantName = "[No Variations]"
Added Component: Designator=led(LED 5mm)
Added Component: Designator=Motor_A(Header ISP)
Added Component: Designator=Motor_B(Header ISP)
Added Component: Designator=Motor_C(Header ISP)
Added Component: Designator=Motor_D(Header ISP)
Added Component: Designator=Motor_E(Header ISP)
Added Component: Designator=Nucleo(Shield Nucleo-F446RE/F401RE-tanpaPinOut)
Added Component: Designator=Pneumatic(Header ISP)
Added Component: Designator=Power(KF3012P)
Add component (AddParameter): Name = "Arrow Part Number"; Value = ""; VariantName = "[No Variations]"
Add component (AddParameter): Name = "Arrow Price/Stock"; Value = ""; VariantName = "[No Variations]"
Add component (AddParameter): Name = "Datasheet Link"; Value = "http://www.handsontec.com/dataspecs/terminal%20block-5mm.pdf"; VariantName = "[No Variations]"
Add component (AddParameter): Name = "Height"; Value = "10mm"; VariantName = "[No Variations]"
Add component (AddParameter): Name = "Manufacturer_Name"; Value = "Handson Technology"; VariantName = "[No Variations]"
Add component (AddParameter): Name = "Manufacturer_Part_Number"; Value = "KF301-2P"; VariantName = "[No Variations]"
Add component (AddParameter): Name = "Mouser Part Number"; Value = ""; VariantName = "[No Variations]"
Add component (AddParameter): Name = "Mouser Price/Stock"; Value = ""; VariantName = "[No Variations]"
Added Component: Designator=R1(Resistor 0.25W)
Added Component: Designator=SPI(Header ISP)
Added Component: Designator=UART(B4BXHALFSN)
Add component (AddParameter): Name = "Arrow Part Number"; Value = "B4B-XH-A(LF)(SN)"; VariantName = "[No Variations]"
Add component (AddParameter): Name = "Arrow Price/Stock"; Value = "https://www.arrow.com/en/products/b4b-xh-a-lf-sn/jst-manufacturing"; VariantName = "[No Variations]"
Add component (AddParameter): Name = "Datasheet Link"; Value = "https://datasheet.lcsc.com/szlcsc/JST-Sales-America-B4B-XH-A-LF-SN_C144395.pdf"; VariantName = "[No Variations]"
Add component (AddParameter): Name = "Height"; Value = "7mm"; VariantName = "[No Variations]"
Add component (AddParameter): Name = "Manufacturer_Name"; Value = "JST (JAPAN SOLDERLESS TERMINALS)"; VariantName = "[No Variations]"
Add component (AddParameter): Name = "Manufacturer_Part_Number"; Value = "B4B-XH-A(LF)(SN)"; VariantName = "[No Variations]"
Add component (AddParameter): Name = "Mouser Part Number"; Value = ""; VariantName = "[No Variations]"
Add component (AddParameter): Name = "Mouser Price/Stock"; Value = ""; VariantName = "[No Variations]"
Added Pin To Net: NetName=5V Pin=Analog 1-2
Added Pin To Net: NetName=5V Pin=Analog 2-2
Added Pin To Net: NetName=5V Pin=Encoder_Int1-10
Added Pin To Net: NetName=5V Pin=Encoder_Int2-10
Added Pin To Net: NetName=5V Pin=Fuse-1
Added Pin To Net: NetName=5V Pin=I2C-2
Added Pin To Net: NetName=5V Pin=Motor_A-7
Added Pin To Net: NetName=5V Pin=Motor_B-7
Added Pin To Net: NetName=5V Pin=Motor_C-7
Added Pin To Net: NetName=5V Pin=Motor_D-7
Added Pin To Net: NetName=5V Pin=Motor_E-7
Added Pin To Net: NetName=5V Pin=Nucleo-E5V
Added Pin To Net: NetName=5V Pin=Pneumatic-10
Added Pin To Net: NetName=5V Pin=R1-1
Added Pin To Net: NetName=5V Pin=UART-2
Added Net: Name=5V
Added Pin To Net: NetName=Fuse Pin=Fuse-2
Added Pin To Net: NetName=Fuse Pin=Power-1
Added Net: Name=Fuse
Added Pin To Net: NetName=GND Pin=Analog 1-1
Added Pin To Net: NetName=GND Pin=Analog 2-1
Added Pin To Net: NetName=GND Pin=Encoder_Int1-9
Added Pin To Net: NetName=GND Pin=Encoder_Int2-9
Added Pin To Net: NetName=GND Pin=I2C-1
Added Pin To Net: NetName=GND Pin=led-2
Added Pin To Net: NetName=GND Pin=Motor_A-8
Added Pin To Net: NetName=GND Pin=Motor_B-8
Added Pin To Net: NetName=GND Pin=Motor_C-8
Added Pin To Net: NetName=GND Pin=Motor_D-8
Added Pin To Net: NetName=GND Pin=Motor_E-8
Added Pin To Net: NetName=GND Pin=Nucleo-GND2
Added Pin To Net: NetName=GND Pin=Nucleo-GND3
Added Pin To Net: NetName=GND Pin=Pneumatic-9
Added Pin To Net: NetName=GND Pin=Power-2
Added Pin To Net: NetName=GND Pin=SPI-5
Added Pin To Net: NetName=GND Pin=UART-1
Added Net: Name=GND
Added Pin To Net: NetName=Netled_1 Pin=led-1
Added Pin To Net: NetName=Netled_1 Pin=R1-2
Added Net: Name=Netled_1
Added Pin To Net: NetName=PA_0 Pin=Nucleo-PA_0
Added Net: Name=PA_0
Added Pin To Net: NetName=PA_1 Pin=Analog 1-3
Added Pin To Net: NetName=PA_1 Pin=Analog 2-3
Added Pin To Net: NetName=PA_1 Pin=Nucleo-PA_1
Added Net: Name=PA_1
Added Pin To Net: NetName=PA_4 Pin=Nucleo-PA_4
Added Pin To Net: NetName=PA_4 Pin=Pneumatic-5
Added Net: Name=PA_4
Added Pin To Net: NetName=PA_5 Pin=Nucleo-PA_5
Added Pin To Net: NetName=PA_5 Pin=Pneumatic-6
Added Net: Name=PA_5
Added Pin To Net: NetName=PA_6 Pin=Nucleo-PA_6
Added Pin To Net: NetName=PA_6 Pin=Pneumatic-4
Added Net: Name=PA_6
Added Pin To Net: NetName=PA_7 Pin=Nucleo-PA_7
Added Pin To Net: NetName=PA_7 Pin=Pneumatic-8
Added Net: Name=PA_7
Added Pin To Net: NetName=PA_8 Pin=Nucleo-PA_8
Added Net: Name=PA_8
Added Pin To Net: NetName=PA_9 Pin=Motor_A-1
Added Pin To Net: NetName=PA_9 Pin=Nucleo-PA_9
Added Net: Name=PA_9
Added Pin To Net: NetName=PA_10 Pin=Encoder_Int2-1
Added Pin To Net: NetName=PA_10 Pin=Nucleo-PA_10
Added Net: Name=PA_10
Added Pin To Net: NetName=PA_11 Pin=Motor_C-2
Added Pin To Net: NetName=PA_11 Pin=Nucleo-PA_11
Added Net: Name=PA_11
Added Pin To Net: NetName=PA_12 Pin=Nucleo-PA_12
Added Pin To Net: NetName=PA_12 Pin=SPI-2
Added Net: Name=PA_12
Added Pin To Net: NetName=PA_13 Pin=Encoder_Int1-1
Added Pin To Net: NetName=PA_13 Pin=Nucleo-PA_13
Added Net: Name=PA_13
Added Pin To Net: NetName=PA_14 Pin=Nucleo-PA_14
Added Net: Name=PA_14
Added Pin To Net: NetName=PA_15 Pin=Encoder_Int1-5
Added Pin To Net: NetName=PA_15 Pin=Encoder_Int2-2
Added Pin To Net: NetName=PA_15 Pin=Nucleo-PA_15
Added Net: Name=PA_15
Added Pin To Net: NetName=PB_0 Pin=Encoder_Int1-4
Added Pin To Net: NetName=PB_0 Pin=Nucleo-PB_0
Added Net: Name=PB_0
Added Pin To Net: NetName=PB_1 Pin=Nucleo-PB_1
Added Net: Name=PB_1
Added Pin To Net: NetName=PB_2 Pin=Motor_A-3
Added Pin To Net: NetName=PB_2 Pin=Motor_A-4
Added Pin To Net: NetName=PB_2 Pin=Nucleo-PB_2
Added Net: Name=PB_2
Added Pin To Net: NetName=PB_3 Pin=Encoder_Int2-8
Added Pin To Net: NetName=PB_3 Pin=Nucleo-PB_3
Added Net: Name=PB_3
Added Pin To Net: NetName=PB_4 Pin=Encoder_Int2-4
Added Pin To Net: NetName=PB_4 Pin=Nucleo-PB_4
Added Net: Name=PB_4
Added Pin To Net: NetName=PB_5 Pin=Encoder_Int2-6
Added Pin To Net: NetName=PB_5 Pin=Nucleo-PB_5
Added Net: Name=PB_5
Added Pin To Net: NetName=PB_6 Pin=Motor_B-1
Added Pin To Net: NetName=PB_6 Pin=Nucleo-PB_6
Added Net: Name=PB_6
Added Pin To Net: NetName=PB_7 Pin=Nucleo-PB_7
Added Pin To Net: NetName=PB_7 Pin=Pneumatic-7
Added Net: Name=PB_7
Added Pin To Net: NetName=PB_8 Pin=Nucleo-PB_8
Added Pin To Net: NetName=PB_8 Pin=Pneumatic-3
Added Net: Name=PB_8
Added Pin To Net: NetName=PB_9 Pin=Nucleo-PB_9
Added Pin To Net: NetName=PB_9 Pin=Pneumatic-1
Added Net: Name=PB_9
Added Pin To Net: NetName=PB_10 Pin=Motor_E-1
Added Pin To Net: NetName=PB_10 Pin=Nucleo-PB_10
Added Net: Name=PB_10
Added Pin To Net: NetName=PB_11 Pin=Encoder_Int1-7
Added Net: Name=PB_11
Added Pin To Net: NetName=PB_12 Pin=Motor_E-3
Added Pin To Net: NetName=PB_12 Pin=Motor_E-4
Added Pin To Net: NetName=PB_12 Pin=Nucleo-PB_12
Added Net: Name=PB_12
Added Pin To Net: NetName=PB_13 Pin=Encoder_Int2-5
Added Pin To Net: NetName=PB_13 Pin=Nucleo-PB_13
Added Net: Name=PB_13
Added Pin To Net: NetName=PB_14 Pin=Encoder_Int2-3
Added Pin To Net: NetName=PB_14 Pin=Encoder_Int2-7
Added Pin To Net: NetName=PB_14 Pin=Nucleo-PB_14
Added Net: Name=PB_14
Added Pin To Net: NetName=PB_15 Pin=Motor_E-2
Added Pin To Net: NetName=PB_15 Pin=Nucleo-PB_15
Added Net: Name=PB_15
Added Pin To Net: NetName=PC_0 Pin=Motor_C-1
Added Pin To Net: NetName=PC_0 Pin=Nucleo-PC_0
Added Net: Name=PC_0
Added Pin To Net: NetName=PC_1 Pin=Motor_D-2
Added Pin To Net: NetName=PC_1 Pin=Nucleo-PC_1
Added Net: Name=PC_1
Added Pin To Net: NetName=PC_2 Pin=Motor_D-1
Added Pin To Net: NetName=PC_2 Pin=Nucleo-PC_2
Added Net: Name=PC_2
Added Pin To Net: NetName=PC_3 Pin=Encoder_Int1-8
Added Pin To Net: NetName=PC_3 Pin=Nucleo-PC_3
Added Net: Name=PC_3
Added Pin To Net: NetName=PC_4 Pin=Nucleo-PC_4
Added Pin To Net: NetName=PC_4 Pin=SPI-4
Added Net: Name=PC_4
Added Pin To Net: NetName=PC_5 Pin=I2C-3
Added Pin To Net: NetName=PC_5 Pin=Nucleo-PC_5
Added Net: Name=PC_5
Added Pin To Net: NetName=PC_6 Pin=Nucleo-PC_6
Added Pin To Net: NetName=PC_6 Pin=UART-4
Added Net: Name=PC_6
Added Pin To Net: NetName=PC_7 Pin=Motor_A-2
Added Pin To Net: NetName=PC_7 Pin=Nucleo-PC_7
Added Net: Name=PC_7
Added Pin To Net: NetName=PC_8 Pin=Nucleo-PC_8
Added Pin To Net: NetName=PC_8 Pin=UART-3
Added Net: Name=PC_8
Added Pin To Net: NetName=PC_9 Pin=Encoder_Int1-2
Added Pin To Net: NetName=PC_9 Pin=Nucleo-PC_9
Added Net: Name=PC_9
Added Pin To Net: NetName=PC_10 Pin=Motor_C-3
Added Pin To Net: NetName=PC_10 Pin=Motor_C-4
Added Pin To Net: NetName=PC_10 Pin=Nucleo-PC_10
Added Net: Name=PC_10
Added Pin To Net: NetName=PC_11 Pin=Motor_B-2
Added Pin To Net: NetName=PC_11 Pin=Nucleo-PC_11
Added Net: Name=PC_11
Added Pin To Net: NetName=PC_12 Pin=Encoder_Int1-3
Added Pin To Net: NetName=PC_12 Pin=Nucleo-PC_12
Added Net: Name=PC_12
Added Pin To Net: NetName=PC_13 Pin=Motor_D-3
Added Pin To Net: NetName=PC_13 Pin=Motor_D-4
Added Pin To Net: NetName=PC_13 Pin=Nucleo-PC_13
Added Net: Name=PC_13
Added Pin To Net: NetName=PC_14 Pin=Motor_B-3
Added Pin To Net: NetName=PC_14 Pin=Motor_B-4
Added Pin To Net: NetName=PC_14 Pin=Nucleo-PC_14
Added Net: Name=PC_14
Added Pin To Net: NetName=PC_15 Pin=Encoder_Int1-6
Added Pin To Net: NetName=PC_15 Pin=Nucleo-PC_15
Added Net: Name=PC_15
Added Pin To Net: NetName=PD_2 Pin=Nucleo-PD_2
Added Pin To Net: NetName=PD_2 Pin=SPI-1
Added Net: Name=PD_2
Added Pin To Net: NetName=PH_0 Pin=Nucleo-PH_0
Added Pin To Net: NetName=PH_0 Pin=SPI-3
Added Net: Name=PH_0
Added Pin To Net: NetName=PH_1 Pin=I2C-4
Added Pin To Net: NetName=PH_1 Pin=Nucleo-PH_1
Added Net: Name=PH_1
Added Class: Name=Schematic Tugas 1_Magang 2
Added Room: Name=Schematic Tugas 1_Magang 2
